1638269891789	mozrunner::runner	INFO	Running command: "/usr/bin/firefox" "-marionette" "-headless" "-foreground" "-no-remote" "-profile" "/tmp/rust_mozprofile30I30d"
*** You are running in headless mode.
[GFX1-]: glxtest: libpci missing
[GFX1-]: glxtest: Unable to open a connection to the X server
[GFX1-]: glxtest: libEGL initialize failed
[GFX1-]: No GPUs detected via PCI
1638269899037	Marionette	INFO	Marionette enabled
[GFX1-]: RenderCompositorSWGL failed mapping default framebuffer, no dt
console.warn: SearchSettings: "get: No settings file exists, new profile?" (new NotFoundError("Could not open the file at /tmp/rust_mozprofile30I30d/search.json.mozlz4", (void 0)))
1638269911778	Marionette	INFO	Listening on port 36183
1638269912194	RemoteAgent	WARN	TLS certificate errors will be ignored for this session
console.log: WebExtensions: reset-default-search: starting.
console.log: WebExtensions: reset-default-search: No addons in our list are installed.
1638370773013	mozrunner::runner	INFO	Running command: "/usr/bin/firefox" "-marionette" "-headless" "-foreground" "-no-remote" "-profile" "/tmp/rust_mozprofileLOq3K8"
*** You are running in headless mode.
[GFX1-]: glxtest: libpci missing
[GFX1-]: glxtest: Unable to open a connection to the X server
[GFX1-]: glxtest: libEGL initialize failed
[GFX1-]: No GPUs detected via PCI
1638370774106	Marionette	INFO	Marionette enabled
[GFX1-]: RenderCompositorSWGL failed mapping default framebuffer, no dt
console.warn: SearchSettings: "get: No settings file exists, new profile?" (new NotFoundError("Could not open the file at /tmp/rust_mozprofileLOq3K8/search.json.mozlz4", (void 0)))
1638370779857	Marionette	INFO	Listening on port 41333
1638370780015	RemoteAgent	WARN	TLS certificate errors will be ignored for this session
JavaScript warning: https://www.nemlig.com/_Incapsula_Resource?SWJIYLWA=719d34d31c8e3a6e6fffd425f7e032f3&ns=3&cb=10713926, line 1: unreachable code after return statement
JavaScript warning: https://www.nemlig.com/_Incapsula_Resource?SWJIYLWA=719d34d31c8e3a6e6fffd425f7e032f3&ns=3&cb=10713926, line 1: unreachable code after return statement
JavaScript warning: https://www.nemlig.com/_Incapsula_Resource?SWJIYLWA=719d34d31c8e3a6e6fffd425f7e032f3&ns=3&cb=10713926 line 1 > eval, line 1: unreachable code after return statement
1638370821435	mozrunner::runner	INFO	Running command: "/usr/bin/firefox" "-marionette" "-headless" "-foreground" "-no-remote" "-profile" "/tmp/rust_mozprofileJQDgwa"
*** You are running in headless mode.
[GFX1-]: glxtest: libpci missing
[GFX1-]: glxtest: Unable to open a connection to the X server
[GFX1-]: glxtest: libEGL initialize failed
[GFX1-]: No GPUs detected via PCI
1638370823939	Marionette	INFO	Marionette enabled
[GFX1-]: RenderCompositorSWGL failed mapping default framebuffer, no dt
console.warn: SearchSettings: "get: No settings file exists, new profile?" (new NotFoundError("Could not open the file at /tmp/rust_mozprofileJQDgwa/search.json.mozlz4", (void 0)))
1638370830768	Marionette	INFO	Listening on port 44103
1638370830868	RemoteAgent	WARN	TLS certificate errors will be ignored for this session
JavaScript warning: https://www.nemlig.com/_Incapsula_Resource?SWJIYLWA=719d34d31c8e3a6e6fffd425f7e032f3&ns=3&cb=104927989, line 1: unreachable code after return statement
JavaScript warning: https://www.nemlig.com/_Incapsula_Resource?SWJIYLWA=719d34d31c8e3a6e6fffd425f7e032f3&ns=3&cb=104927989, line 1: unreachable code after return statement
JavaScript warning: https://www.nemlig.com/_Incapsula_Resource?SWJIYLWA=719d34d31c8e3a6e6fffd425f7e032f3&ns=3&cb=104927989 line 1 > eval, line 1: unreachable code after return statement
console.log: WebExtensions: reset-default-search: starting.
console.log: WebExtensions: reset-default-search: No addons in our list are installed.
console.log: WebExtensions: reset-default-search: starting.
console.log: WebExtensions: reset-default-search: No addons in our list are installed.
1638371572992	mozrunner::runner	INFO	Running command: "/usr/bin/firefox" "-marionette" "-headless" "-foreground" "-no-remote" "-profile" "/tmp/rust_mozprofileS3WUZc"
*** You are running in headless mode.
[GFX1-]: glxtest: libpci missing
[GFX1-]: glxtest: Unable to open a connection to the X server
[GFX1-]: glxtest: libEGL initialize failed
[GFX1-]: No GPUs detected via PCI
1638371575561	Marionette	INFO	Marionette enabled
[GFX1-]: RenderCompositorSWGL failed mapping default framebuffer, no dt
console.warn: SearchSettings: "get: No settings file exists, new profile?" (new NotFoundError("Could not open the file at /tmp/rust_mozprofileS3WUZc/search.json.mozlz4", (void 0)))
1638371582415	Marionette	INFO	Listening on port 34375
1638371582946	RemoteAgent	WARN	TLS certificate errors will be ignored for this session
JavaScript warning: https://www.nemlig.com/_Incapsula_Resource?SWJIYLWA=719d34d31c8e3a6e6fffd425f7e032f3&ns=3&cb=1751785746, line 1: unreachable code after return statement
JavaScript warning: https://www.nemlig.com/_Incapsula_Resource?SWJIYLWA=719d34d31c8e3a6e6fffd425f7e032f3&ns=3&cb=1751785746, line 1: unreachable code after return statement
JavaScript warning: https://www.nemlig.com/_Incapsula_Resource?SWJIYLWA=719d34d31c8e3a6e6fffd425f7e032f3&ns=3&cb=1751785746 line 1 > eval, line 1: unreachable code after return statement
1638371732986	mozrunner::runner	INFO	Running command: "/usr/bin/firefox" "-marionette" "-headless" "-foreground" "-no-remote" "-profile" "/tmp/rust_mozprofileh4qR0D"
*** You are running in headless mode.
[GFX1-]: glxtest: libpci missing
[GFX1-]: glxtest: Unable to open a connection to the X server
[GFX1-]: glxtest: libEGL initialize failed
[GFX1-]: No GPUs detected via PCI
1638371734388	Marionette	INFO	Marionette enabled
[GFX1-]: RenderCompositorSWGL failed mapping default framebuffer, no dt
console.warn: SearchSettings: "get: No settings file exists, new profile?" (new NotFoundError("Could not open the file at /tmp/rust_mozprofileh4qR0D/search.json.mozlz4", (void 0)))
1638371741076	Marionette	INFO	Listening on port 38067
1638371741258	RemoteAgent	WARN	TLS certificate errors will be ignored for this session
JavaScript warning: https://www.nemlig.com/_Incapsula_Resource?SWJIYLWA=719d34d31c8e3a6e6fffd425f7e032f3&ns=3&cb=272887544, line 1: unreachable code after return statement
JavaScript warning: https://www.nemlig.com/_Incapsula_Resource?SWJIYLWA=719d34d31c8e3a6e6fffd425f7e032f3&ns=3&cb=272887544, line 1: unreachable code after return statement
JavaScript warning: https://www.nemlig.com/_Incapsula_Resource?SWJIYLWA=719d34d31c8e3a6e6fffd425f7e032f3&ns=3&cb=272887544 line 1 > eval, line 1: unreachable code after return statement
1638371784436	mozrunner::runner	INFO	Running command: "/usr/bin/firefox" "-marionette" "-headless" "-foreground" "-no-remote" "-profile" "/tmp/rust_mozprofileYJtn63"
*** You are running in headless mode.
[GFX1-]: glxtest: libpci missing
[GFX1-]: glxtest: Unable to open a connection to the X server
[GFX1-]: glxtest: libEGL initialize failed
[GFX1-]: No GPUs detected via PCI
1638371785940	Marionette	INFO	Marionette enabled
[GFX1-]: RenderCompositorSWGL failed mapping default framebuffer, no dt
console.warn: SearchSettings: "get: No settings file exists, new profile?" (new NotFoundError("Could not open the file at /tmp/rust_mozprofileYJtn63/search.json.mozlz4", (void 0)))
1638371795749	Marionette	INFO	Listening on port 43993
1638371795856	RemoteAgent	WARN	TLS certificate errors will be ignored for this session
JavaScript warning: https://www.nemlig.com/_Incapsula_Resource?SWJIYLWA=719d34d31c8e3a6e6fffd425f7e032f3&ns=3&cb=1441788285, line 1: unreachable code after return statement
JavaScript warning: https://www.nemlig.com/_Incapsula_Resource?SWJIYLWA=719d34d31c8e3a6e6fffd425f7e032f3&ns=3&cb=1441788285, line 1: unreachable code after return statement
JavaScript warning: https://www.nemlig.com/_Incapsula_Resource?SWJIYLWA=719d34d31c8e3a6e6fffd425f7e032f3&ns=3&cb=1441788285 line 1 > eval, line 1: unreachable code after return statement
1638371848850	mozrunner::runner	INFO	Running command: "/usr/bin/firefox" "-marionette" "-headless" "-foreground" "-no-remote" "-profile" "/tmp/rust_mozprofile1PdPwM"
*** You are running in headless mode.
[GFX1-]: glxtest: libpci missing
[GFX1-]: glxtest: Unable to open a connection to the X server
[GFX1-]: glxtest: libEGL initialize failed
[GFX1-]: No GPUs detected via PCI
1638371852919	Marionette	INFO	Marionette enabled
[GFX1-]: RenderCompositorSWGL failed mapping default framebuffer, no dt
console.warn: SearchSettings: "get: No settings file exists, new profile?" (new NotFoundError("Could not open the file at /tmp/rust_mozprofile1PdPwM/search.json.mozlz4", (void 0)))
console.error: Region.jsm: "Error fetching region" (new AbortError("The operation was aborted. ", (void 0), 770))
console.error: Region.jsm: "Failed to fetch region" (new Error("NO_RESULT", "resource://gre/modules/Region.jsm", 419))
1638371903524	Marionette	INFO	Listening on port 43807
1638371904664	RemoteAgent	WARN	TLS certificate errors will be ignored for this session
1638372031526	addons.xpi	ERROR	Failed to download system add-on addons-search-detection@mozilla.com: Error: Failed downloading via XHR, status: 0, reason: error(resource://gre/modules/addons/ProductAddonChecker.jsm:244:16) JS Stack trace: fail@ProductAddonChecker.jsm:244:16
1638372051962	addons.xpi	ERROR	Failed to download system add-on proxy-failover@mozilla.com: Error: Failed downloading via XHR, status: 0, reason: error(resource://gre/modules/addons/ProductAddonChecker.jsm:244:16) JS Stack trace: fail@ProductAddonChecker.jsm:244:16
1638372060560	addons.xpi	ERROR	Failed to download system add-on reset-search-defaults@mozilla.com: Error: Failed downloading via XHR, status: 0, reason: error(resource://gre/modules/addons/ProductAddonChecker.jsm:244:16) JS Stack trace: fail@ProductAddonChecker.jsm:244:16
1638372199913	addons.xpi	ERROR	System addon update list error Error: Failed downloading XML, status: 0, reason: timeout
1638372243005	addons.xpi	ERROR	System addon update list error Error: Failed downloading XML, status: 0, reason: timeout
console.error: services.settings: 
  Message: TypeError: NetworkError when attempting to fetch resource.
console.error: services.settings: 
  Message: TypeError: NetworkError when attempting to fetch resource.
console.error: services.settings: 
  Message: TypeError: NetworkError when attempting to fetch resource.
1638372865292	mozrunner::runner	INFO	Running command: "/usr/bin/firefox" "-marionette" "-headless" "-foreground" "-no-remote" "-profile" "/tmp/rust_mozprofileOuW59i"
*** You are running in headless mode.
[GFX1-]: glxtest: libpci missing
[GFX1-]: glxtest: Unable to open a connection to the X server
[GFX1-]: glxtest: libEGL initialize failed
[GFX1-]: No GPUs detected via PCI
1638372868355	Marionette	INFO	Marionette enabled
[GFX1-]: RenderCompositorSWGL failed mapping default framebuffer, no dt
console.warn: SearchSettings: "get: No settings file exists, new profile?" (new NotFoundError("Could not open the file at /tmp/rust_mozprofileOuW59i/search.json.mozlz4", (void 0)))
1638372875058	Marionette	INFO	Listening on port 44713
1638372875233	RemoteAgent	WARN	TLS certificate errors will be ignored for this session
JavaScript warning: https://www.nemlig.com/_Incapsula_Resource?SWJIYLWA=719d34d31c8e3a6e6fffd425f7e032f3&ns=3&cb=1614334135, line 1: unreachable code after return statement
JavaScript warning: https://www.nemlig.com/_Incapsula_Resource?SWJIYLWA=719d34d31c8e3a6e6fffd425f7e032f3&ns=3&cb=1614334135, line 1: unreachable code after return statement
JavaScript warning: https://www.nemlig.com/_Incapsula_Resource?SWJIYLWA=719d34d31c8e3a6e6fffd425f7e032f3&ns=3&cb=1614334135 line 1 > eval, line 1: unreachable code after return statement
1638372900657	mozrunner::runner	INFO	Running command: "/usr/bin/firefox" "-marionette" "-headless" "-foreground" "-no-remote" "-profile" "/tmp/rust_mozprofilelUFWmE"
*** You are running in headless mode.
[GFX1-]: glxtest: libpci missing
[GFX1-]: glxtest: Unable to open a connection to the X server
[GFX1-]: glxtest: libEGL initialize failed
[GFX1-]: No GPUs detected via PCI
1638372903715	Marionette	INFO	Marionette enabled
[GFX1-]: RenderCompositorSWGL failed mapping default framebuffer, no dt
console.warn: SearchSettings: "get: No settings file exists, new profile?" (new NotFoundError("Could not open the file at /tmp/rust_mozprofilelUFWmE/search.json.mozlz4", (void 0)))
1638372911309	Marionette	INFO	Listening on port 41013
1638372911430	RemoteAgent	WARN	TLS certificate errors will be ignored for this session
JavaScript warning: https://www.nemlig.com/_Incapsula_Resource?SWJIYLWA=719d34d31c8e3a6e6fffd425f7e032f3&ns=3&cb=2030401616, line 1: unreachable code after return statement
JavaScript warning: https://www.nemlig.com/_Incapsula_Resource?SWJIYLWA=719d34d31c8e3a6e6fffd425f7e032f3&ns=3&cb=2030401616, line 1: unreachable code after return statement
JavaScript warning: https://www.nemlig.com/_Incapsula_Resource?SWJIYLWA=719d34d31c8e3a6e6fffd425f7e032f3&ns=3&cb=2030401616 line 1 > eval, line 1: unreachable code after return statement
console.log: WebExtensions: reset-default-search: starting.
console.log: WebExtensions: reset-default-search: No addons in our list are installed.
console.log: WebExtensions: reset-default-search: starting.
console.log: WebExtensions: reset-default-search: No addons in our list are installed.
1638373517086	mozrunner::runner	INFO	Running command: "/usr/bin/firefox" "-marionette" "-headless" "-foreground" "-no-remote" "-profile" "/tmp/rust_mozprofilelo282S"
*** You are running in headless mode.
[GFX1-]: glxtest: libpci missing
[GFX1-]: glxtest: Unable to open a connection to the X server
[GFX1-]: glxtest: libEGL initialize failed
[GFX1-]: No GPUs detected via PCI
1638373518100	Marionette	INFO	Marionette enabled
[GFX1-]: RenderCompositorSWGL failed mapping default framebuffer, no dt
console.warn: SearchSettings: "get: No settings file exists, new profile?" (new NotFoundError("Could not open the file at /tmp/rust_mozprofilelo282S/search.json.mozlz4", (void 0)))
1638373521946	Marionette	INFO	Listening on port 45659
1638373522076	RemoteAgent	WARN	TLS certificate errors will be ignored for this session
JavaScript warning: https://www.nemlig.com/_Incapsula_Resource?SWJIYLWA=719d34d31c8e3a6e6fffd425f7e032f3&ns=3&cb=1514662950, line 1: unreachable code after return statement
JavaScript warning: https://www.nemlig.com/_Incapsula_Resource?SWJIYLWA=719d34d31c8e3a6e6fffd425f7e032f3&ns=3&cb=1514662950, line 1: unreachable code after return statement
JavaScript warning: https://www.nemlig.com/_Incapsula_Resource?SWJIYLWA=719d34d31c8e3a6e6fffd425f7e032f3&ns=3&cb=1514662950 line 1 > eval, line 1: unreachable code after return statement
1638373637613	mozrunner::runner	INFO	Running command: "/usr/bin/firefox" "-marionette" "-headless" "-foreground" "-no-remote" "-profile" "/tmp/rust_mozprofileQuZsZ1"
*** You are running in headless mode.
[GFX1-]: glxtest: libpci missing
[GFX1-]: glxtest: Unable to open a connection to the X server
[GFX1-]: glxtest: libEGL initialize failed
[GFX1-]: No GPUs detected via PCI
1638373638619	Marionette	INFO	Marionette enabled
[GFX1-]: RenderCompositorSWGL failed mapping default framebuffer, no dt
console.warn: SearchSettings: "get: No settings file exists, new profile?" (new NotFoundError("Could not open the file at /tmp/rust_mozprofileQuZsZ1/search.json.mozlz4", (void 0)))
1638373644033	Marionette	INFO	Listening on port 34197
1638373644127	RemoteAgent	WARN	TLS certificate errors will be ignored for this session
JavaScript warning: https://www.nemlig.com/_Incapsula_Resource?SWJIYLWA=719d34d31c8e3a6e6fffd425f7e032f3&ns=3&cb=1063939256, line 1: unreachable code after return statement
JavaScript warning: https://www.nemlig.com/_Incapsula_Resource?SWJIYLWA=719d34d31c8e3a6e6fffd425f7e032f3&ns=3&cb=1063939256, line 1: unreachable code after return statement
JavaScript warning: https://www.nemlig.com/_Incapsula_Resource?SWJIYLWA=719d34d31c8e3a6e6fffd425f7e032f3&ns=3&cb=1063939256 line 1 > eval, line 1: unreachable code after return statement
1638373677815	mozrunner::runner	INFO	Running command: "/usr/bin/firefox" "-marionette" "-headless" "-foreground" "-no-remote" "-profile" "/tmp/rust_mozprofileA2zw1b"
*** You are running in headless mode.
[GFX1-]: glxtest: libpci missing
[GFX1-]: glxtest: Unable to open a connection to the X server
[GFX1-]: glxtest: libEGL initialize failed
[GFX1-]: No GPUs detected via PCI
1638373679046	Marionette	INFO	Marionette enabled
[GFX1-]: RenderCompositorSWGL failed mapping default framebuffer, no dt
console.warn: SearchSettings: "get: No settings file exists, new profile?" (new NotFoundError("Could not open the file at /tmp/rust_mozprofileA2zw1b/search.json.mozlz4", (void 0)))
1638373685069	Marionette	INFO	Listening on port 41611
1638373685268	RemoteAgent	WARN	TLS certificate errors will be ignored for this session
JavaScript warning: https://www.nemlig.com/_Incapsula_Resource?SWJIYLWA=719d34d31c8e3a6e6fffd425f7e032f3&ns=3&cb=2075568750, line 1: unreachable code after return statement
JavaScript warning: https://www.nemlig.com/_Incapsula_Resource?SWJIYLWA=719d34d31c8e3a6e6fffd425f7e032f3&ns=3&cb=2075568750 line 1 > eval, line 1: unreachable code after return statement
1638373812800	mozrunner::runner	INFO	Running command: "/usr/bin/firefox" "-marionette" "-headless" "-foreground" "-no-remote" "-profile" "/tmp/rust_mozprofileBlZx4H"
*** You are running in headless mode.
[GFX1-]: glxtest: libpci missing
[GFX1-]: glxtest: Unable to open a connection to the X server
[GFX1-]: glxtest: libEGL initialize failed
[GFX1-]: No GPUs detected via PCI
1638373813888	Marionette	INFO	Marionette enabled
[GFX1-]: RenderCompositorSWGL failed mapping default framebuffer, no dt
console.warn: SearchSettings: "get: No settings file exists, new profile?" (new NotFoundError("Could not open the file at /tmp/rust_mozprofileBlZx4H/search.json.mozlz4", (void 0)))
1638373819236	Marionette	INFO	Listening on port 38603
1638373819619	RemoteAgent	WARN	TLS certificate errors will be ignored for this session
JavaScript warning: https://www.nemlig.com/_Incapsula_Resource?SWJIYLWA=719d34d31c8e3a6e6fffd425f7e032f3&ns=3&cb=1131877472, line 1: unreachable code after return statement
JavaScript warning: https://www.nemlig.com/_Incapsula_Resource?SWJIYLWA=719d34d31c8e3a6e6fffd425f7e032f3&ns=3&cb=1131877472, line 1: unreachable code after return statement
JavaScript warning: https://www.nemlig.com/_Incapsula_Resource?SWJIYLWA=719d34d31c8e3a6e6fffd425f7e032f3&ns=3&cb=1131877472 line 1 > eval, line 1: unreachable code after return statement
1638373873701	mozrunner::runner	INFO	Running command: "/usr/bin/firefox" "-marionette" "-headless" "-foreground" "-no-remote" "-profile" "/tmp/rust_mozprofileNtzE4G"
*** You are running in headless mode.
[GFX1-]: glxtest: libpci missing
[GFX1-]: glxtest: Unable to open a connection to the X server
[GFX1-]: glxtest: libEGL initialize failed
[GFX1-]: No GPUs detected via PCI
1638373875120	Marionette	INFO	Marionette enabled
[GFX1-]: RenderCompositorSWGL failed mapping default framebuffer, no dt
console.warn: SearchSettings: "get: No settings file exists, new profile?" (new NotFoundError("Could not open the file at /tmp/rust_mozprofileNtzE4G/search.json.mozlz4", (void 0)))
1638373880457	Marionette	INFO	Listening on port 41745
1638373880641	RemoteAgent	WARN	TLS certificate errors will be ignored for this session
JavaScript warning: https://www.nemlig.com/_Incapsula_Resource?SWJIYLWA=719d34d31c8e3a6e6fffd425f7e032f3&ns=3&cb=1105343439, line 1: unreachable code after return statement
JavaScript warning: https://www.nemlig.com/_Incapsula_Resource?SWJIYLWA=719d34d31c8e3a6e6fffd425f7e032f3&ns=3&cb=1105343439, line 1: unreachable code after return statement
JavaScript warning: https://www.nemlig.com/_Incapsula_Resource?SWJIYLWA=719d34d31c8e3a6e6fffd425f7e032f3&ns=3&cb=1105343439 line 1 > eval, line 1: unreachable code after return statement
console.log: WebExtensions: reset-default-search: starting.
console.log: WebExtensions: reset-default-search: No addons in our list are installed.
1638374069571	addons.xpi	ERROR	System addon update list error Error: Failed downloading XML, status: 0, reason: timeout
1638374102143	addons.xpi	ERROR	System addon update list error Error: Failed downloading XML, status: 0, reason: timeout
console.error: services.settings: 
  Message: TypeError: NetworkError when attempting to fetch resource.
1638374653930	mozrunner::runner	INFO	Running command: "/usr/bin/firefox" "-marionette" "-headless" "-foreground" "-no-remote" "-profile" "/tmp/rust_mozprofile4oEiML"
*** You are running in headless mode.
[GFX1-]: glxtest: libpci missing
[GFX1-]: glxtest: Unable to open a connection to the X server
[GFX1-]: glxtest: libEGL initialize failed
[GFX1-]: No GPUs detected via PCI
1638374656697	Marionette	INFO	Marionette enabled
[GFX1-]: RenderCompositorSWGL failed mapping default framebuffer, no dt
console.warn: SearchSettings: "get: No settings file exists, new profile?" (new NotFoundError("Could not open the file at /tmp/rust_mozprofile4oEiML/search.json.mozlz4", (void 0)))
1638374663849	Marionette	INFO	Listening on port 41745
1638374664101	RemoteAgent	WARN	TLS certificate errors will be ignored for this session
JavaScript warning: https://www.nemlig.com/_Incapsula_Resource?SWJIYLWA=719d34d31c8e3a6e6fffd425f7e032f3&ns=3&cb=693568902, line 1: unreachable code after return statement
JavaScript warning: https://www.nemlig.com/_Incapsula_Resource?SWJIYLWA=719d34d31c8e3a6e6fffd425f7e032f3&ns=3&cb=693568902, line 1: unreachable code after return statement
JavaScript warning: https://www.nemlig.com/_Incapsula_Resource?SWJIYLWA=719d34d31c8e3a6e6fffd425f7e032f3&ns=3&cb=693568902 line 1 > eval, line 1: unreachable code after return statement
1638374726625	mozrunner::runner	INFO	Running command: "/usr/bin/firefox" "-marionette" "-headless" "-foreground" "-no-remote" "-profile" "/tmp/rust_mozprofileYtHLRG"
*** You are running in headless mode.
[GFX1-]: glxtest: libpci missing
[GFX1-]: glxtest: Unable to open a connection to the X server
[GFX1-]: glxtest: libEGL initialize failed
[GFX1-]: No GPUs detected via PCI
1638374728094	Marionette	INFO	Marionette enabled
[GFX1-]: RenderCompositorSWGL failed mapping default framebuffer, no dt
console.warn: SearchSettings: "get: No settings file exists, new profile?" (new NotFoundError("Could not open the file at /tmp/rust_mozprofileYtHLRG/search.json.mozlz4", (void 0)))
1638374733874	Marionette	INFO	Listening on port 34519
1638374734045	RemoteAgent	WARN	TLS certificate errors will be ignored for this session
JavaScript warning: https://www.nemlig.com/_Incapsula_Resource?SWJIYLWA=719d34d31c8e3a6e6fffd425f7e032f3&ns=3&cb=1066788972, line 1: unreachable code after return statement
JavaScript warning: https://www.nemlig.com/_Incapsula_Resource?SWJIYLWA=719d34d31c8e3a6e6fffd425f7e032f3&ns=3&cb=1066788972, line 1: unreachable code after return statement
JavaScript warning: https://www.nemlig.com/_Incapsula_Resource?SWJIYLWA=719d34d31c8e3a6e6fffd425f7e032f3&ns=3&cb=1066788972 line 1 > eval, line 1: unreachable code after return statement
1638374764318	mozrunner::runner	INFO	Running command: "/usr/bin/firefox" "-marionette" "-headless" "-foreground" "-no-remote" "-profile" "/tmp/rust_mozprofileTCGKrh"
*** You are running in headless mode.
[GFX1-]: glxtest: libpci missing
[GFX1-]: glxtest: Unable to open a connection to the X server
[GFX1-]: glxtest: libEGL initialize failed
[GFX1-]: No GPUs detected via PCI
1638374765571	Marionette	INFO	Marionette enabled
[GFX1-]: RenderCompositorSWGL failed mapping default framebuffer, no dt
console.warn: SearchSettings: "get: No settings file exists, new profile?" (new NotFoundError("Could not open the file at /tmp/rust_mozprofileTCGKrh/search.json.mozlz4", (void 0)))
1638374771633	Marionette	INFO	Listening on port 37947
1638374771746	RemoteAgent	WARN	TLS certificate errors will be ignored for this session
JavaScript warning: https://www.nemlig.com/_Incapsula_Resource?SWJIYLWA=719d34d31c8e3a6e6fffd425f7e032f3&ns=3&cb=1691761843, line 1: unreachable code after return statement
JavaScript warning: https://www.nemlig.com/_Incapsula_Resource?SWJIYLWA=719d34d31c8e3a6e6fffd425f7e032f3&ns=3&cb=1691761843, line 1: unreachable code after return statement
JavaScript warning: https://www.nemlig.com/_Incapsula_Resource?SWJIYLWA=719d34d31c8e3a6e6fffd425f7e032f3&ns=3&cb=1691761843 line 1 > eval, line 1: unreachable code after return statement
1638374799788	mozrunner::runner	INFO	Running command: "/usr/bin/firefox" "-marionette" "-headless" "-foreground" "-no-remote" "-profile" "/tmp/rust_mozprofileKGAxqj"
*** You are running in headless mode.
[GFX1-]: glxtest: libpci missing
[GFX1-]: glxtest: Unable to open a connection to the X server
[GFX1-]: glxtest: libEGL initialize failed
[GFX1-]: No GPUs detected via PCI
1638374801087	Marionette	INFO	Marionette enabled
[GFX1-]: RenderCompositorSWGL failed mapping default framebuffer, no dt
console.warn: SearchSettings: "get: No settings file exists, new profile?" (new NotFoundError("Could not open the file at /tmp/rust_mozprofileKGAxqj/search.json.mozlz4", (void 0)))
1638374806240	Marionette	INFO	Listening on port 39761
1638374806415	RemoteAgent	WARN	TLS certificate errors will be ignored for this session
JavaScript warning: https://www.nemlig.com/_Incapsula_Resource?SWJIYLWA=719d34d31c8e3a6e6fffd425f7e032f3&ns=3&cb=363007563, line 1: unreachable code after return statement
console.log: WebExtensions: reset-default-search: starting.
console.log: WebExtensions: reset-default-search: No addons in our list are installed.
console.log: WebExtensions: reset-default-search: starting.
console.log: WebExtensions: reset-default-search: No addons in our list are installed.
console.log: WebExtensions: reset-default-search: starting.
console.log: WebExtensions: reset-default-search: No addons in our list are installed.
console.log: WebExtensions: reset-default-search: starting.
console.log: WebExtensions: reset-default-search: No addons in our list are installed.
1638375322630	mozrunner::runner	INFO	Running command: "/usr/bin/firefox" "-marionette" "-headless" "-foreground" "-no-remote" "-profile" "/tmp/rust_mozprofilexoKtxp"
*** You are running in headless mode.
[GFX1-]: glxtest: libpci missing
[GFX1-]: glxtest: Unable to open a connection to the X server
[GFX1-]: glxtest: libEGL initialize failed
[GFX1-]: No GPUs detected via PCI
1638375323869	Marionette	INFO	Marionette enabled
[GFX1-]: RenderCompositorSWGL failed mapping default framebuffer, no dt
console.warn: SearchSettings: "get: No settings file exists, new profile?" (new NotFoundError("Could not open the file at /tmp/rust_mozprofilexoKtxp/search.json.mozlz4", (void 0)))
1638375329797	Marionette	INFO	Listening on port 44919
1638375330356	RemoteAgent	WARN	TLS certificate errors will be ignored for this session
JavaScript warning: https://www.nemlig.com/_Incapsula_Resource?SWJIYLWA=719d34d31c8e3a6e6fffd425f7e032f3&ns=3&cb=235865741, line 1: unreachable code after return statement
JavaScript warning: https://www.nemlig.com/_Incapsula_Resource?SWJIYLWA=719d34d31c8e3a6e6fffd425f7e032f3&ns=3&cb=235865741, line 1: unreachable code after return statement
JavaScript warning: https://www.nemlig.com/_Incapsula_Resource?SWJIYLWA=719d34d31c8e3a6e6fffd425f7e032f3&ns=3&cb=235865741 line 1 > eval, line 1: unreachable code after return statement
1638375667526	mozrunner::runner	INFO	Running command: "/usr/bin/firefox" "-marionette" "-headless" "-foreground" "-no-remote" "-profile" "/tmp/rust_mozprofiletOXAY5"
*** You are running in headless mode.
[GFX1-]: glxtest: libpci missing
[GFX1-]: glxtest: Unable to open a connection to the X server
[GFX1-]: glxtest: libEGL initialize failed
[GFX1-]: No GPUs detected via PCI
1638375669011	Marionette	INFO	Marionette enabled
[GFX1-]: RenderCompositorSWGL failed mapping default framebuffer, no dt
console.warn: SearchSettings: "get: No settings file exists, new profile?" (new NotFoundError("Could not open the file at /tmp/rust_mozprofiletOXAY5/search.json.mozlz4", (void 0)))
1638375676807	Marionette	INFO	Listening on port 38341
1638375676972	RemoteAgent	WARN	TLS certificate errors will be ignored for this session
JavaScript warning: https://www.nemlig.com/_Incapsula_Resource?SWJIYLWA=719d34d31c8e3a6e6fffd425f7e032f3&ns=3&cb=1446143165, line 1: unreachable code after return statement
JavaScript warning: https://www.nemlig.com/_Incapsula_Resource?SWJIYLWA=719d34d31c8e3a6e6fffd425f7e032f3&ns=3&cb=1446143165, line 1: unreachable code after return statement
JavaScript warning: https://www.nemlig.com/_Incapsula_Resource?SWJIYLWA=719d34d31c8e3a6e6fffd425f7e032f3&ns=3&cb=1446143165 line 1 > eval, line 1: unreachable code after return statement
1638375701965	mozrunner::runner	INFO	Running command: "/usr/bin/firefox" "-marionette" "-headless" "-foreground" "-no-remote" "-profile" "/tmp/rust_mozprofile1YcX83"
*** You are running in headless mode.
[GFX1-]: glxtest: libpci missing
[GFX1-]: glxtest: Unable to open a connection to the X server
[GFX1-]: glxtest: libEGL initialize failed
[GFX1-]: No GPUs detected via PCI
1638375703585	Marionette	INFO	Marionette enabled
[GFX1-]: RenderCompositorSWGL failed mapping default framebuffer, no dt
console.warn: SearchSettings: "get: No settings file exists, new profile?" (new NotFoundError("Could not open the file at /tmp/rust_mozprofile1YcX83/search.json.mozlz4", (void 0)))
1638375710578	Marionette	INFO	Listening on port 43131
1638375710710	RemoteAgent	WARN	TLS certificate errors will be ignored for this session
JavaScript warning: https://www.nemlig.com/_Incapsula_Resource?SWJIYLWA=719d34d31c8e3a6e6fffd425f7e032f3&ns=3&cb=1445739095, line 1: unreachable code after return statement
JavaScript warning: https://www.nemlig.com/_Incapsula_Resource?SWJIYLWA=719d34d31c8e3a6e6fffd425f7e032f3&ns=3&cb=1445739095, line 1: unreachable code after return statement
JavaScript warning: https://www.nemlig.com/_Incapsula_Resource?SWJIYLWA=719d34d31c8e3a6e6fffd425f7e032f3&ns=3&cb=1445739095 line 1 > eval, line 1: unreachable code after return statement
1638376031416	mozrunner::runner	INFO	Running command: "/usr/bin/firefox" "-marionette" "-headless" "-foreground" "-no-remote" "-profile" "/tmp/rust_mozprofile4ffOzo"
*** You are running in headless mode.
[GFX1-]: glxtest: libpci missing
[GFX1-]: glxtest: Unable to open a connection to the X server
[GFX1-]: glxtest: libEGL initialize failed
[GFX1-]: No GPUs detected via PCI
1638376032986	Marionette	INFO	Marionette enabled
[GFX1-]: RenderCompositorSWGL failed mapping default framebuffer, no dt
console.warn: SearchSettings: "get: No settings file exists, new profile?" (new NotFoundError("Could not open the file at /tmp/rust_mozprofile4ffOzo/search.json.mozlz4", (void 0)))
1638376039655	Marionette	INFO	Listening on port 44195
1638376040013	RemoteAgent	WARN	TLS certificate errors will be ignored for this session
JavaScript warning: https://www.nemlig.com/_Incapsula_Resource?SWJIYLWA=719d34d31c8e3a6e6fffd425f7e032f3&ns=3&cb=902610704, line 1: unreachable code after return statement
JavaScript warning: https://www.nemlig.com/_Incapsula_Resource?SWJIYLWA=719d34d31c8e3a6e6fffd425f7e032f3&ns=3&cb=902610704, line 1: unreachable code after return statement
JavaScript warning: https://www.nemlig.com/_Incapsula_Resource?SWJIYLWA=719d34d31c8e3a6e6fffd425f7e032f3&ns=3&cb=902610704 line 1 > eval, line 1: unreachable code after return statement
1638376073081	mozrunner::runner	INFO	Running command: "/usr/bin/firefox" "-marionette" "-headless" "-foreground" "-no-remote" "-profile" "/tmp/rust_mozprofiletS47Ec"
*** You are running in headless mode.
[GFX1-]: glxtest: libpci missing
[GFX1-]: glxtest: Unable to open a connection to the X server
[GFX1-]: glxtest: libEGL initialize failed
[GFX1-]: No GPUs detected via PCI
1638376074217	Marionette	INFO	Marionette enabled
[GFX1-]: RenderCompositorSWGL failed mapping default framebuffer, no dt
console.warn: SearchSettings: "get: No settings file exists, new profile?" (new NotFoundError("Could not open the file at /tmp/rust_mozprofiletS47Ec/search.json.mozlz4", (void 0)))
1638376079896	Marionette	INFO	Listening on port 34847
1638376080049	RemoteAgent	WARN	TLS certificate errors will be ignored for this session
JavaScript warning: https://www.nemlig.com/_Incapsula_Resource?SWJIYLWA=719d34d31c8e3a6e6fffd425f7e032f3&ns=3&cb=2076296213, line 1: unreachable code after return statement
JavaScript warning: https://www.nemlig.com/_Incapsula_Resource?SWJIYLWA=719d34d31c8e3a6e6fffd425f7e032f3&ns=3&cb=2076296213, line 1: unreachable code after return statement
JavaScript warning: https://www.nemlig.com/_Incapsula_Resource?SWJIYLWA=719d34d31c8e3a6e6fffd425f7e032f3&ns=3&cb=2076296213 line 1 > eval, line 1: unreachable code after return statement
console.log: WebExtensions: reset-default-search: starting.
console.log: WebExtensions: reset-default-search: No addons in our list are installed.
console.log: WebExtensions: reset-default-search: starting.
console.log: WebExtensions: reset-default-search: No addons in our list are installed.
1638376481086	mozrunner::runner	INFO	Running command: "/usr/bin/firefox" "-marionette" "-headless" "-foreground" "-no-remote" "-profile" "/tmp/rust_mozprofile2nziaV"
*** You are running in headless mode.
[GFX1-]: glxtest: libpci missing
[GFX1-]: glxtest: Unable to open a connection to the X server
[GFX1-]: glxtest: libEGL initialize failed
[GFX1-]: No GPUs detected via PCI
1638376482269	Marionette	INFO	Marionette enabled
[GFX1-]: RenderCompositorSWGL failed mapping default framebuffer, no dt
console.warn: SearchSettings: "get: No settings file exists, new profile?" (new NotFoundError("Could not open the file at /tmp/rust_mozprofile2nziaV/search.json.mozlz4", (void 0)))
1638376487292	Marionette	INFO	Listening on port 35199
1638376487568	RemoteAgent	WARN	TLS certificate errors will be ignored for this session
JavaScript warning: https://www.nemlig.com/_Incapsula_Resource?SWJIYLWA=719d34d31c8e3a6e6fffd425f7e032f3&ns=3&cb=831957316, line 1: unreachable code after return statement
JavaScript warning: https://www.nemlig.com/_Incapsula_Resource?SWJIYLWA=719d34d31c8e3a6e6fffd425f7e032f3&ns=3&cb=831957316, line 1: unreachable code after return statement
JavaScript warning: https://www.nemlig.com/_Incapsula_Resource?SWJIYLWA=719d34d31c8e3a6e6fffd425f7e032f3&ns=3&cb=831957316 line 1 > eval, line 1: unreachable code after return statement
1638376514309	mozrunner::runner	INFO	Running command: "/usr/bin/firefox" "-marionette" "-headless" "-foreground" "-no-remote" "-profile" "/tmp/rust_mozprofileN0OGmT"
*** You are running in headless mode.
[GFX1-]: glxtest: libpci missing
[GFX1-]: glxtest: Unable to open a connection to the X server
[GFX1-]: glxtest: libEGL initialize failed
[GFX1-]: No GPUs detected via PCI
1638376515807	Marionette	INFO	Marionette enabled
[GFX1-]: RenderCompositorSWGL failed mapping default framebuffer, no dt
console.warn: SearchSettings: "get: No settings file exists, new profile?" (new NotFoundError("Could not open the file at /tmp/rust_mozprofileN0OGmT/search.json.mozlz4", (void 0)))
1638376522833	Marionette	INFO	Listening on port 42249
1638376523008	RemoteAgent	WARN	TLS certificate errors will be ignored for this session
JavaScript warning: https://www.nemlig.com/_Incapsula_Resource?SWJIYLWA=719d34d31c8e3a6e6fffd425f7e032f3&ns=3&cb=600352942, line 1: unreachable code after return statement
JavaScript warning: https://www.nemlig.com/_Incapsula_Resource?SWJIYLWA=719d34d31c8e3a6e6fffd425f7e032f3&ns=3&cb=600352942 line 1 > eval, line 1: unreachable code after return statement
1638376556513	mozrunner::runner	INFO	Running command: "/usr/bin/firefox" "-marionette" "-headless" "-foreground" "-no-remote" "-profile" "/tmp/rust_mozprofileKPa4R3"
*** You are running in headless mode.
[GFX1-]: glxtest: libpci missing
[GFX1-]: glxtest: Unable to open a connection to the X server
[GFX1-]: glxtest: libEGL initialize failed
[GFX1-]: No GPUs detected via PCI
1638376558385	Marionette	INFO	Marionette enabled
[GFX1-]: RenderCompositorSWGL failed mapping default framebuffer, no dt
console.warn: SearchSettings: "get: No settings file exists, new profile?" (new NotFoundError("Could not open the file at /tmp/rust_mozprofileKPa4R3/search.json.mozlz4", (void 0)))
1638376564394	Marionette	INFO	Listening on port 33715
1638376564595	RemoteAgent	WARN	TLS certificate errors will be ignored for this session
JavaScript warning: https://www.nemlig.com/_Incapsula_Resource?SWJIYLWA=719d34d31c8e3a6e6fffd425f7e032f3&ns=3&cb=56879369, line 1: unreachable code after return statement
JavaScript warning: https://www.nemlig.com/_Incapsula_Resource?SWJIYLWA=719d34d31c8e3a6e6fffd425f7e032f3&ns=3&cb=56879369, line 1: unreachable code after return statement
JavaScript warning: https://www.nemlig.com/_Incapsula_Resource?SWJIYLWA=719d34d31c8e3a6e6fffd425f7e032f3&ns=3&cb=56879369 line 1 > eval, line 1: unreachable code after return statement
1638376647712	mozrunner::runner	INFO	Running command: "/usr/bin/firefox" "-marionette" "-headless" "-foreground" "-no-remote" "-profile" "/tmp/rust_mozprofileY3KgYj"
*** You are running in headless mode.
[GFX1-]: glxtest: libpci missing
[GFX1-]: glxtest: Unable to open a connection to the X server
[GFX1-]: glxtest: libEGL initialize failed
[GFX1-]: No GPUs detected via PCI
1638376649200	Marionette	INFO	Marionette enabled
[GFX1-]: RenderCompositorSWGL failed mapping default framebuffer, no dt
console.warn: SearchSettings: "get: No settings file exists, new profile?" (new NotFoundError("Could not open the file at /tmp/rust_mozprofileY3KgYj/search.json.mozlz4", (void 0)))
1638376655074	Marionette	INFO	Listening on port 37143
1638376655242	RemoteAgent	WARN	TLS certificate errors will be ignored for this session
JavaScript warning: https://www.nemlig.com/_Incapsula_Resource?SWJIYLWA=719d34d31c8e3a6e6fffd425f7e032f3&ns=3&cb=1536476867, line 1: unreachable code after return statement
JavaScript warning: https://www.nemlig.com/_Incapsula_Resource?SWJIYLWA=719d34d31c8e3a6e6fffd425f7e032f3&ns=3&cb=1536476867, line 1: unreachable code after return statement
JavaScript warning: https://www.nemlig.com/_Incapsula_Resource?SWJIYLWA=719d34d31c8e3a6e6fffd425f7e032f3&ns=3&cb=1536476867 line 1 > eval, line 1: unreachable code after return statement
console.log: WebExtensions: reset-default-search: starting.
console.log: WebExtensions: reset-default-search: No addons in our list are installed.
console.log: WebExtensions: reset-default-search: starting.
console.log: WebExtensions: reset-default-search: No addons in our list are installed.
console.log: WebExtensions: reset-default-search: starting.
console.log: WebExtensions: reset-default-search: No addons in our list are installed.
console.log: WebExtensions: reset-default-search: starting.
console.log: WebExtensions: reset-default-search: No addons in our list are installed.
1638377210395	mozrunner::runner	INFO	Running command: "/usr/bin/firefox" "-marionette" "-headless" "-foreground" "-no-remote" "-profile" "/tmp/rust_mozprofilehFPMgI"
*** You are running in headless mode.
[GFX1-]: glxtest: libpci missing
[GFX1-]: glxtest: Unable to open a connection to the X server
[GFX1-]: glxtest: libEGL initialize failed
[GFX1-]: No GPUs detected via PCI
1638377212083	Marionette	INFO	Marionette enabled
[GFX1-]: RenderCompositorSWGL failed mapping default framebuffer, no dt
console.warn: SearchSettings: "get: No settings file exists, new profile?" (new NotFoundError("Could not open the file at /tmp/rust_mozprofilehFPMgI/search.json.mozlz4", (void 0)))
1638377217777	Marionette	INFO	Listening on port 46833
1638377217944	RemoteAgent	WARN	TLS certificate errors will be ignored for this session
JavaScript warning: https://www.nemlig.com/_Incapsula_Resource?SWJIYLWA=719d34d31c8e3a6e6fffd425f7e032f3&ns=3&cb=447649189, line 1: unreachable code after return statement
JavaScript warning: https://www.nemlig.com/_Incapsula_Resource?SWJIYLWA=719d34d31c8e3a6e6fffd425f7e032f3&ns=3&cb=447649189, line 1: unreachable code after return statement
JavaScript warning: https://www.nemlig.com/_Incapsula_Resource?SWJIYLWA=719d34d31c8e3a6e6fffd425f7e032f3&ns=3&cb=447649189 line 1 > eval, line 1: unreachable code after return statement
1638391732860	mozrunner::runner	INFO	Running command: "/usr/bin/firefox" "-marionette" "-headless" "-foreground" "-no-remote" "-profile" "/tmp/rust_mozprofilexYsgGg"
*** You are running in headless mode.
[GFX1-]: glxtest: libpci missing
[GFX1-]: glxtest: Unable to open a connection to the X server
[GFX1-]: glxtest: libEGL initialize failed
[GFX1-]: No GPUs detected via PCI
1638391736542	Marionette	INFO	Marionette enabled
[GFX1-]: RenderCompositorSWGL failed mapping default framebuffer, no dt
console.warn: SearchSettings: "get: No settings file exists, new profile?" (new NotFoundError("Could not open the file at /tmp/rust_mozprofilexYsgGg/search.json.mozlz4", (void 0)))
1638391743151	Marionette	INFO	Listening on port 36181
1638391743307	RemoteAgent	WARN	TLS certificate errors will be ignored for this session
console.error: Region.jsm: "Error fetching region" (new Error("TIMEOUT", "resource://gre/modules/Region.jsm", 772))
console.error: Region.jsm: "Failed to fetch region" (new Error("TIMEOUT", "resource://gre/modules/Region.jsm", 419))
JavaScript warning: https://www.nemlig.com/_Incapsula_Resource?SWJIYLWA=719d34d31c8e3a6e6fffd425f7e032f3&ns=3&cb=1174709157, line 1: unreachable code after return statement
1638392117381	mozrunner::runner	INFO	Running command: "/usr/bin/firefox" "-marionette" "-headless" "-foreground" "-no-remote" "-profile" "/tmp/rust_mozprofiletkOGmX"
*** You are running in headless mode.
[GFX1-]: glxtest: libpci missing
[GFX1-]: glxtest: Unable to open a connection to the X server
[GFX1-]: glxtest: libEGL initialize failed
[GFX1-]: No GPUs detected via PCI
1638392118616	Marionette	INFO	Marionette enabled
[GFX1-]: RenderCompositorSWGL failed mapping default framebuffer, no dt
console.warn: SearchSettings: "get: No settings file exists, new profile?" (new NotFoundError("Could not open the file at /tmp/rust_mozprofiletkOGmX/search.json.mozlz4", (void 0)))
1638392125372	Marionette	INFO	Listening on port 45973
1638392125702	RemoteAgent	WARN	TLS certificate errors will be ignored for this session
console.log: WebExtensions: reset-default-search: starting.
console.log: WebExtensions: reset-default-search: No addons in our list are installed.
JavaScript warning: https://www.nemlig.com/_Incapsula_Resource?SWJIYLWA=719d34d31c8e3a6e6fffd425f7e032f3&ns=3&cb=710611607, line 1: unreachable code after return statement
1638392217517	mozrunner::runner	INFO	Running command: "/usr/bin/firefox" "-marionette" "-headless" "-foreground" "-no-remote" "-profile" "/tmp/rust_mozprofilenWJJ3N"
*** You are running in headless mode.
[GFX1-]: glxtest: libpci missing
[GFX1-]: glxtest: Unable to open a connection to the X server
[GFX1-]: glxtest: libEGL initialize failed
[GFX1-]: No GPUs detected via PCI
1638392219020	Marionette	INFO	Marionette enabled
[GFX1-]: RenderCompositorSWGL failed mapping default framebuffer, no dt
console.warn: SearchSettings: "get: No settings file exists, new profile?" (new NotFoundError("Could not open the file at /tmp/rust_mozprofilenWJJ3N/search.json.mozlz4", (void 0)))
1638392225510	Marionette	INFO	Listening on port 42089
1638392225874	RemoteAgent	WARN	TLS certificate errors will be ignored for this session
JavaScript warning: https://www.nemlig.com/_Incapsula_Resource?SWJIYLWA=719d34d31c8e3a6e6fffd425f7e032f3&ns=3&cb=1714583328, line 1: unreachable code after return statement
JavaScript warning: https://www.nemlig.com/_Incapsula_Resource?SWJIYLWA=719d34d31c8e3a6e6fffd425f7e032f3&ns=3&cb=1714583328, line 1: unreachable code after return statement
JavaScript warning: https://www.nemlig.com/_Incapsula_Resource?SWJIYLWA=719d34d31c8e3a6e6fffd425f7e032f3&ns=3&cb=1714583328 line 1 > eval, line 1: unreachable code after return statement
1638392375311	mozrunner::runner	INFO	Running command: "/usr/bin/firefox" "-marionette" "-headless" "-foreground" "-no-remote" "-profile" "/tmp/rust_mozprofilePA45gX"
*** You are running in headless mode.
[GFX1-]: glxtest: libpci missing
[GFX1-]: glxtest: Unable to open a connection to the X server
[GFX1-]: glxtest: libEGL initialize failed
[GFX1-]: No GPUs detected via PCI
1638392376338	Marionette	INFO	Marionette enabled
[GFX1-]: RenderCompositorSWGL failed mapping default framebuffer, no dt
console.warn: SearchSettings: "get: No settings file exists, new profile?" (new NotFoundError("Could not open the file at /tmp/rust_mozprofilePA45gX/search.json.mozlz4", (void 0)))
1638392382496	Marionette	INFO	Listening on port 34613
1638392382615	RemoteAgent	WARN	TLS certificate errors will be ignored for this session
JavaScript warning: https://www.nemlig.com/_Incapsula_Resource?SWJIYLWA=719d34d31c8e3a6e6fffd425f7e032f3&ns=3&cb=106732153, line 1: unreachable code after return statement
JavaScript warning: https://www.nemlig.com/_Incapsula_Resource?SWJIYLWA=719d34d31c8e3a6e6fffd425f7e032f3&ns=3&cb=106732153, line 1: unreachable code after return statement
JavaScript warning: https://www.nemlig.com/_Incapsula_Resource?SWJIYLWA=719d34d31c8e3a6e6fffd425f7e032f3&ns=3&cb=106732153 line 1 > eval, line 1: unreachable code after return statement
1638392411905	mozrunner::runner	INFO	Running command: "/usr/bin/firefox" "-marionette" "-headless" "-foreground" "-no-remote" "-profile" "/tmp/rust_mozprofileZtLBCM"
*** You are running in headless mode.
[GFX1-]: glxtest: libpci missing
[GFX1-]: glxtest: Unable to open a connection to the X server
[GFX1-]: glxtest: libEGL initialize failed
[GFX1-]: No GPUs detected via PCI
1638392413499	Marionette	INFO	Marionette enabled
[GFX1-]: RenderCompositorSWGL failed mapping default framebuffer, no dt
console.warn: SearchSettings: "get: No settings file exists, new profile?" (new NotFoundError("Could not open the file at /tmp/rust_mozprofileZtLBCM/search.json.mozlz4", (void 0)))
1638392419394	Marionette	INFO	Listening on port 38417
1638392419535	RemoteAgent	WARN	TLS certificate errors will be ignored for this session
JavaScript warning: https://www.nemlig.com/_Incapsula_Resource?SWJIYLWA=719d34d31c8e3a6e6fffd425f7e032f3&ns=3&cb=1588859803, line 1: unreachable code after return statement
JavaScript warning: https://www.nemlig.com/_Incapsula_Resource?SWJIYLWA=719d34d31c8e3a6e6fffd425f7e032f3&ns=3&cb=1588859803, line 1: unreachable code after return statement
JavaScript warning: https://www.nemlig.com/_Incapsula_Resource?SWJIYLWA=719d34d31c8e3a6e6fffd425f7e032f3&ns=3&cb=1588859803 line 1 > eval, line 1: unreachable code after return statement
console.log: WebExtensions: reset-default-search: starting.
console.log: WebExtensions: reset-default-search: No addons in our list are installed.
console.log: WebExtensions: reset-default-search: starting.
console.log: WebExtensions: reset-default-search: No addons in our list are installed.
console.log: WebExtensions: reset-default-search: starting.
console.log: WebExtensions: reset-default-search: No addons in our list are installed.
console.log: WebExtensions: reset-default-search: starting.
console.log: WebExtensions: reset-default-search: No addons in our list are installed.
1638394103118	mozrunner::runner	INFO	Running command: "/usr/bin/firefox" "-marionette" "-headless" "-foreground" "-no-remote" "-profile" "/tmp/rust_mozprofile7Y3OYn"
*** You are running in headless mode.
[GFX1-]: glxtest: libpci missing
[GFX1-]: glxtest: Unable to open a connection to the X server
[GFX1-]: glxtest: libEGL initialize failed
[GFX1-]: No GPUs detected via PCI
1638394107137	Marionette	INFO	Marionette enabled
[GFX1-]: RenderCompositorSWGL failed mapping default framebuffer, no dt
console.warn: SearchSettings: "get: No settings file exists, new profile?" (new NotFoundError("Could not open the file at /tmp/rust_mozprofile7Y3OYn/search.json.mozlz4", (void 0)))
1638394116764	Marionette	INFO	Listening on port 34933
1638394117232	RemoteAgent	WARN	TLS certificate errors will be ignored for this session
JavaScript warning: https://www.nemlig.com/_Incapsula_Resource?SWJIYLWA=719d34d31c8e3a6e6fffd425f7e032f3&ns=3&cb=2065048995, line 1: unreachable code after return statement
JavaScript warning: https://www.nemlig.com/_Incapsula_Resource?SWJIYLWA=719d34d31c8e3a6e6fffd425f7e032f3&ns=3&cb=2065048995, line 1: unreachable code after return statement
JavaScript warning: https://www.nemlig.com/_Incapsula_Resource?SWJIYLWA=719d34d31c8e3a6e6fffd425f7e032f3&ns=3&cb=2065048995 line 1 > eval, line 1: unreachable code after return statement
1638394157028	mozrunner::runner	INFO	Running command: "/usr/bin/firefox" "-marionette" "-headless" "-foreground" "-no-remote" "-profile" "/tmp/rust_mozprofilelCnRdE"
*** You are running in headless mode.
[GFX1-]: glxtest: libpci missing
[GFX1-]: glxtest: Unable to open a connection to the X server
[GFX1-]: glxtest: libEGL initialize failed
[GFX1-]: No GPUs detected via PCI
1638394160545	Marionette	INFO	Marionette enabled
[GFX1-]: RenderCompositorSWGL failed mapping default framebuffer, no dt
console.warn: SearchSettings: "get: No settings file exists, new profile?" (new NotFoundError("Could not open the file at /tmp/rust_mozprofilelCnRdE/search.json.mozlz4", (void 0)))
1638394169611	Marionette	INFO	Listening on port 34253
1638394170051	RemoteAgent	WARN	TLS certificate errors will be ignored for this session
JavaScript warning: https://www.nemlig.com/_Incapsula_Resource?SWJIYLWA=719d34d31c8e3a6e6fffd425f7e032f3&ns=3&cb=547769924, line 1: unreachable code after return statement
JavaScript warning: https://www.nemlig.com/_Incapsula_Resource?SWJIYLWA=719d34d31c8e3a6e6fffd425f7e032f3&ns=3&cb=547769924, line 1: unreachable code after return statement
JavaScript warning: https://www.nemlig.com/_Incapsula_Resource?SWJIYLWA=719d34d31c8e3a6e6fffd425f7e032f3&ns=3&cb=547769924 line 1 > eval, line 1: unreachable code after return statement
1638394242176	mozrunner::runner	INFO	Running command: "/usr/bin/firefox" "-marionette" "-headless" "-foreground" "-no-remote" "-profile" "/tmp/rust_mozprofilejqEzMF"
*** You are running in headless mode.
[GFX1-]: glxtest: libpci missing
[GFX1-]: glxtest: Unable to open a connection to the X server
[GFX1-]: glxtest: libEGL initialize failed
[GFX1-]: No GPUs detected via PCI
1638394243208	Marionette	INFO	Marionette enabled
[GFX1-]: RenderCompositorSWGL failed mapping default framebuffer, no dt
console.warn: SearchSettings: "get: No settings file exists, new profile?" (new NotFoundError("Could not open the file at /tmp/rust_mozprofilejqEzMF/search.json.mozlz4", (void 0)))
1638394248331	Marionette	INFO	Listening on port 33315
1638394248466	RemoteAgent	WARN	TLS certificate errors will be ignored for this session
JavaScript warning: https://www.nemlig.com/_Incapsula_Resource?SWJIYLWA=719d34d31c8e3a6e6fffd425f7e032f3&ns=3&cb=948362785, line 1: unreachable code after return statement
JavaScript warning: https://www.nemlig.com/_Incapsula_Resource?SWJIYLWA=719d34d31c8e3a6e6fffd425f7e032f3&ns=3&cb=948362785, line 1: unreachable code after return statement
JavaScript warning: https://www.nemlig.com/_Incapsula_Resource?SWJIYLWA=719d34d31c8e3a6e6fffd425f7e032f3&ns=3&cb=948362785 line 1 > eval, line 1: unreachable code after return statement
1638394343322	mozrunner::runner	INFO	Running command: "/usr/bin/firefox" "-marionette" "-headless" "-foreground" "-no-remote" "-profile" "/tmp/rust_mozprofileOOwWNQ"
*** You are running in headless mode.
[GFX1-]: glxtest: libpci missing
[GFX1-]: glxtest: Unable to open a connection to the X server
[GFX1-]: glxtest: libEGL initialize failed
[GFX1-]: No GPUs detected via PCI
1638394344747	Marionette	INFO	Marionette enabled
[GFX1-]: RenderCompositorSWGL failed mapping default framebuffer, no dt
console.warn: SearchSettings: "get: No settings file exists, new profile?" (new NotFoundError("Could not open the file at /tmp/rust_mozprofileOOwWNQ/search.json.mozlz4", (void 0)))
1638394351511	Marionette	INFO	Listening on port 40013
1638394351859	RemoteAgent	WARN	TLS certificate errors will be ignored for this session
JavaScript warning: https://www.nemlig.com/_Incapsula_Resource?SWJIYLWA=719d34d31c8e3a6e6fffd425f7e032f3&ns=3&cb=1485237214, line 1: unreachable code after return statement
JavaScript warning: https://www.nemlig.com/_Incapsula_Resource?SWJIYLWA=719d34d31c8e3a6e6fffd425f7e032f3&ns=3&cb=1485237214, line 1: unreachable code after return statement
JavaScript warning: https://www.nemlig.com/_Incapsula_Resource?SWJIYLWA=719d34d31c8e3a6e6fffd425f7e032f3&ns=3&cb=1485237214 line 1 > eval, line 1: unreachable code after return statement
console.log: WebExtensions: reset-default-search: starting.
console.log: WebExtensions: reset-default-search: No addons in our list are installed.
console.log: WebExtensions: reset-default-search: starting.
console.log: WebExtensions: reset-default-search: No addons in our list are installed.
1638394617921	mozrunner::runner	INFO	Running command: "/usr/bin/firefox" "-marionette" "-headless" "-foreground" "-no-remote" "-profile" "/tmp/rust_mozprofiledIvzDb"
*** You are running in headless mode.
[GFX1-]: glxtest: libpci missing
[GFX1-]: glxtest: Unable to open a connection to the X server
[GFX1-]: glxtest: libEGL initialize failed
[GFX1-]: No GPUs detected via PCI
1638394619830	Marionette	INFO	Marionette enabled
[GFX1-]: RenderCompositorSWGL failed mapping default framebuffer, no dt
console.warn: SearchSettings: "get: No settings file exists, new profile?" (new NotFoundError("Could not open the file at /tmp/rust_mozprofiledIvzDb/search.json.mozlz4", (void 0)))
1638394628642	Marionette	INFO	Listening on port 41285
1638394628875	RemoteAgent	WARN	TLS certificate errors will be ignored for this session
JavaScript warning: https://www.nemlig.com/_Incapsula_Resource?SWJIYLWA=719d34d31c8e3a6e6fffd425f7e032f3&ns=3&cb=366693423, line 1: unreachable code after return statement
JavaScript warning: https://www.nemlig.com/_Incapsula_Resource?SWJIYLWA=719d34d31c8e3a6e6fffd425f7e032f3&ns=3&cb=366693423, line 1: unreachable code after return statement
JavaScript warning: https://www.nemlig.com/_Incapsula_Resource?SWJIYLWA=719d34d31c8e3a6e6fffd425f7e032f3&ns=3&cb=366693423 line 1 > eval, line 1: unreachable code after return statement
console.log: WebExtensions: reset-default-search: starting.
console.log: WebExtensions: reset-default-search: No addons in our list are installed.
console.log: WebExtensions: reset-default-search: starting.
console.log: WebExtensions: reset-default-search: No addons in our list are installed.
1638394741022	mozrunner::runner	INFO	Running command: "/usr/bin/firefox" "-marionette" "-headless" "-foreground" "-no-remote" "-profile" "/tmp/rust_mozprofilePnpWBl"
*** You are running in headless mode.
[GFX1-]: glxtest: libpci missing
[GFX1-]: glxtest: Unable to open a connection to the X server
[GFX1-]: glxtest: libEGL initialize failed
[GFX1-]: No GPUs detected via PCI
1638394742686	Marionette	INFO	Marionette enabled
[GFX1-]: RenderCompositorSWGL failed mapping default framebuffer, no dt
console.warn: SearchSettings: "get: No settings file exists, new profile?" (new NotFoundError("Could not open the file at /tmp/rust_mozprofilePnpWBl/search.json.mozlz4", (void 0)))
1638394749405	Marionette	INFO	Listening on port 35247
1638394749566	RemoteAgent	WARN	TLS certificate errors will be ignored for this session
JavaScript warning: https://www.nemlig.com/_Incapsula_Resource?SWJIYLWA=719d34d31c8e3a6e6fffd425f7e032f3&ns=3&cb=847836718, line 1: unreachable code after return statement
JavaScript warning: https://www.nemlig.com/_Incapsula_Resource?SWJIYLWA=719d34d31c8e3a6e6fffd425f7e032f3&ns=3&cb=847836718 line 1 > eval, line 1: unreachable code after return statement
1638394934440	mozrunner::runner	INFO	Running command: "/usr/bin/firefox" "-marionette" "-headless" "-foreground" "-no-remote" "-profile" "/tmp/rust_mozprofileh4dAG7"
*** You are running in headless mode.
[GFX1-]: glxtest: libpci missing
[GFX1-]: glxtest: Unable to open a connection to the X server
[GFX1-]: glxtest: libEGL initialize failed
[GFX1-]: No GPUs detected via PCI
1638394935991	Marionette	INFO	Marionette enabled
[GFX1-]: RenderCompositorSWGL failed mapping default framebuffer, no dt
console.warn: SearchSettings: "get: No settings file exists, new profile?" (new NotFoundError("Could not open the file at /tmp/rust_mozprofileh4dAG7/search.json.mozlz4", (void 0)))
1638394942259	Marionette	INFO	Listening on port 44213
1638394942393	RemoteAgent	WARN	TLS certificate errors will be ignored for this session
JavaScript warning: https://www.nemlig.com/_Incapsula_Resource?SWJIYLWA=719d34d31c8e3a6e6fffd425f7e032f3&ns=3&cb=890358071, line 1: unreachable code after return statement
1638394984163	mozrunner::runner	INFO	Running command: "/usr/bin/firefox" "-marionette" "-headless" "-foreground" "-no-remote" "-profile" "/tmp/rust_mozprofile3v7jst"
*** You are running in headless mode.
[GFX1-]: glxtest: libpci missing
[GFX1-]: glxtest: Unable to open a connection to the X server
[GFX1-]: glxtest: libEGL initialize failed
[GFX1-]: No GPUs detected via PCI
1638394986528	Marionette	INFO	Marionette enabled
1638395035423	addons.xpi	ERROR	System addon update list error Error: Failed downloading XML, status: 0, reason: timeout
Exiting due to channel error.
Exiting due to channel error.

###!!! [Child][MessageChannel] Error: (msgtype=0x5E0008,name=PIdleScheduler::Msg_PrioritizedOperationDone) Channel error: cannot send/recv

1638395099927	mozrunner::runner	INFO	Running command: "/usr/bin/firefox" "-marionette" "-headless" "-foreground" "-no-remote" "-profile" "/tmp/rust_mozprofileV6HOCN"
*** You are running in headless mode.
[GFX1-]: glxtest: libpci missing
[GFX1-]: glxtest: Unable to open a connection to the X server
[GFX1-]: glxtest: libEGL initialize failed
[GFX1-]: No GPUs detected via PCI
1638395102649	Marionette	INFO	Marionette enabled
Exiting due to channel error.
Exiting due to channel error.
console.log: WebExtensions: reset-default-search: starting.
console.log: WebExtensions: reset-default-search: No addons in our list are installed.
1638395230644	mozrunner::runner	INFO	Running command: "/usr/bin/firefox" "-marionette" "-headless" "-foreground" "-no-remote" "-profile" "/tmp/rust_mozprofilev723tj"
*** You are running in headless mode.
[GFX1-]: glxtest: libpci missing
[GFX1-]: glxtest: Unable to open a connection to the X server
[GFX1-]: glxtest: libEGL initialize failed
[GFX1-]: No GPUs detected via PCI
1638395251686	Marionette	INFO	Marionette enabled
console.log: WebExtensions: reset-default-search: starting.
console.log: WebExtensions: reset-default-search: No addons in our list are installed.
1638395405121	mozrunner::runner	INFO	Running command: "/usr/bin/firefox" "-marionette" "-headless" "-foreground" "-no-remote" "-profile" "/tmp/rust_mozprofileeLQr28"
*** You are running in headless mode.
[GFX1-]: glxtest: libpci missing
[GFX1-]: glxtest: Unable to open a connection to the X server
[GFX1-]: glxtest: libEGL initialize failed
[GFX1-]: No GPUs detected via PCI
1638395410512	Marionette	INFO	Marionette enabled
1638397742392	mozrunner::runner	INFO	Running command: "/usr/bin/firefox" "-marionette" "-headless" "-foreground" "-no-remote" "-profile" "/tmp/rust_mozprofilecoE6kn"
*** You are running in headless mode.
[GFX1-]: glxtest: libpci missing
[GFX1-]: glxtest: Unable to open a connection to the X server
[GFX1-]: glxtest: libEGL initialize failed
[GFX1-]: No GPUs detected via PCI
1638397746225	Marionette	INFO	Marionette enabled
[GFX1-]: RenderCompositorSWGL failed mapping default framebuffer, no dt
console.warn: SearchSettings: "get: No settings file exists, new profile?" (new NotFoundError("Could not open the file at /tmp/rust_mozprofilecoE6kn/search.json.mozlz4", (void 0)))
1638397753495	Marionette	INFO	Listening on port 33141
1638397753680	RemoteAgent	WARN	TLS certificate errors will be ignored for this session
JavaScript warning: https://www.nemlig.com/_Incapsula_Resource?SWJIYLWA=719d34d31c8e3a6e6fffd425f7e032f3&ns=3&cb=502797063, line 1: unreachable code after return statement
1638397797880	mozrunner::runner	INFO	Running command: "/usr/bin/firefox" "-marionette" "-headless" "-foreground" "-no-remote" "-profile" "/tmp/rust_mozprofilenFIZWP"
*** You are running in headless mode.
[GFX1-]: glxtest: libpci missing
[GFX1-]: glxtest: Unable to open a connection to the X server
[GFX1-]: glxtest: libEGL initialize failed
[GFX1-]: No GPUs detected via PCI
1638397799755	Marionette	INFO	Marionette enabled
[GFX1-]: RenderCompositorSWGL failed mapping default framebuffer, no dt
console.warn: SearchSettings: "get: No settings file exists, new profile?" (new NotFoundError("Could not open the file at /tmp/rust_mozprofilenFIZWP/search.json.mozlz4", (void 0)))
1638397807653	Marionette	INFO	Listening on port 32885
1638397807914	RemoteAgent	WARN	TLS certificate errors will be ignored for this session
JavaScript warning: https://www.nemlig.com/_Incapsula_Resource?SWJIYLWA=719d34d31c8e3a6e6fffd425f7e032f3&ns=3&cb=1335123668, line 1: unreachable code after return statement
JavaScript warning: https://www.nemlig.com/_Incapsula_Resource?SWJIYLWA=719d34d31c8e3a6e6fffd425f7e032f3&ns=3&cb=1335123668, line 1: unreachable code after return statement
JavaScript warning: https://www.nemlig.com/_Incapsula_Resource?SWJIYLWA=719d34d31c8e3a6e6fffd425f7e032f3&ns=3&cb=1335123668 line 1 > eval, line 1: unreachable code after return statement
1638397893818	mozrunner::runner	INFO	Running command: "/usr/bin/firefox" "-marionette" "-headless" "-foreground" "-no-remote" "-profile" "/tmp/rust_mozprofile3Z0W6I"
*** You are running in headless mode.
[GFX1-]: glxtest: libpci missing
[GFX1-]: glxtest: Unable to open a connection to the X server
[GFX1-]: glxtest: libEGL initialize failed
[GFX1-]: No GPUs detected via PCI
1638397894873	Marionette	INFO	Marionette enabled
[GFX1-]: RenderCompositorSWGL failed mapping default framebuffer, no dt
console.warn: SearchSettings: "get: No settings file exists, new profile?" (new NotFoundError("Could not open the file at /tmp/rust_mozprofile3Z0W6I/search.json.mozlz4", (void 0)))
1638397899208	Marionette	INFO	Listening on port 42273
1638397899567	RemoteAgent	WARN	TLS certificate errors will be ignored for this session
JavaScript warning: https://www.nemlig.com/_Incapsula_Resource?SWJIYLWA=719d34d31c8e3a6e6fffd425f7e032f3&ns=3&cb=1708062376, line 1: unreachable code after return statement
JavaScript warning: https://www.nemlig.com/_Incapsula_Resource?SWJIYLWA=719d34d31c8e3a6e6fffd425f7e032f3&ns=3&cb=1708062376, line 1: unreachable code after return statement
JavaScript warning: https://www.nemlig.com/_Incapsula_Resource?SWJIYLWA=719d34d31c8e3a6e6fffd425f7e032f3&ns=3&cb=1708062376 line 1 > eval, line 1: unreachable code after return statement
1638397949008	mozrunner::runner	INFO	Running command: "/usr/bin/firefox" "-marionette" "-headless" "-foreground" "-no-remote" "-profile" "/tmp/rust_mozprofilecgykyP"
*** You are running in headless mode.
[GFX1-]: glxtest: libpci missing
[GFX1-]: glxtest: Unable to open a connection to the X server
[GFX1-]: glxtest: libEGL initialize failed
[GFX1-]: No GPUs detected via PCI
1638397950081	Marionette	INFO	Marionette enabled
[GFX1-]: RenderCompositorSWGL failed mapping default framebuffer, no dt
console.warn: SearchSettings: "get: No settings file exists, new profile?" (new NotFoundError("Could not open the file at /tmp/rust_mozprofilecgykyP/search.json.mozlz4", (void 0)))
1638397956070	Marionette	INFO	Listening on port 43481
1638397956317	RemoteAgent	WARN	TLS certificate errors will be ignored for this session
JavaScript warning: https://www.nemlig.com/_Incapsula_Resource?SWJIYLWA=719d34d31c8e3a6e6fffd425f7e032f3&ns=3&cb=195287586, line 1: unreachable code after return statement
JavaScript warning: https://www.nemlig.com/_Incapsula_Resource?SWJIYLWA=719d34d31c8e3a6e6fffd425f7e032f3&ns=3&cb=195287586, line 1: unreachable code after return statement
JavaScript warning: https://www.nemlig.com/_Incapsula_Resource?SWJIYLWA=719d34d31c8e3a6e6fffd425f7e032f3&ns=3&cb=195287586 line 1 > eval, line 1: unreachable code after return statement
1638397976878	mozrunner::runner	INFO	Running command: "/usr/bin/firefox" "-marionette" "-headless" "-foreground" "-no-remote" "-profile" "/tmp/rust_mozprofilexhxS33"
*** You are running in headless mode.
[GFX1-]: glxtest: libpci missing
[GFX1-]: glxtest: Unable to open a connection to the X server
[GFX1-]: glxtest: libEGL initialize failed
[GFX1-]: No GPUs detected via PCI
1638397979045	Marionette	INFO	Marionette enabled
[GFX1-]: RenderCompositorSWGL failed mapping default framebuffer, no dt
console.warn: SearchSettings: "get: No settings file exists, new profile?" (new NotFoundError("Could not open the file at /tmp/rust_mozprofilexhxS33/search.json.mozlz4", (void 0)))
1638397986148	Marionette	INFO	Listening on port 37643
1638397986298	RemoteAgent	WARN	TLS certificate errors will be ignored for this session
JavaScript warning: https://www.nemlig.com/_Incapsula_Resource?SWJIYLWA=719d34d31c8e3a6e6fffd425f7e032f3&ns=3&cb=1513655501, line 1: unreachable code after return statement
JavaScript warning: https://www.nemlig.com/_Incapsula_Resource?SWJIYLWA=719d34d31c8e3a6e6fffd425f7e032f3&ns=3&cb=1513655501, line 1: unreachable code after return statement
JavaScript warning: https://www.nemlig.com/_Incapsula_Resource?SWJIYLWA=719d34d31c8e3a6e6fffd425f7e032f3&ns=3&cb=1513655501 line 1 > eval, line 1: unreachable code after return statement
1638398007158	mozrunner::runner	INFO	Running command: "/usr/bin/firefox" "-marionette" "-headless" "-foreground" "-no-remote" "-profile" "/tmp/rust_mozprofileCFaVSX"
*** You are running in headless mode.
[GFX1-]: glxtest: libpci missing
[GFX1-]: glxtest: Unable to open a connection to the X server
[GFX1-]: glxtest: libEGL initialize failed
[GFX1-]: No GPUs detected via PCI
1638398009212	Marionette	INFO	Marionette enabled
[GFX1-]: RenderCompositorSWGL failed mapping default framebuffer, no dt
console.warn: SearchSettings: "get: No settings file exists, new profile?" (new NotFoundError("Could not open the file at /tmp/rust_mozprofileCFaVSX/search.json.mozlz4", (void 0)))
1638398016923	Marionette	INFO	Listening on port 44509
1638398017063	RemoteAgent	WARN	TLS certificate errors will be ignored for this session
JavaScript warning: https://www.nemlig.com/_Incapsula_Resource?SWJIYLWA=719d34d31c8e3a6e6fffd425f7e032f3&ns=3&cb=601012424, line 1: unreachable code after return statement
JavaScript warning: https://www.nemlig.com/_Incapsula_Resource?SWJIYLWA=719d34d31c8e3a6e6fffd425f7e032f3&ns=3&cb=601012424, line 1: unreachable code after return statement
JavaScript warning: https://www.nemlig.com/_Incapsula_Resource?SWJIYLWA=719d34d31c8e3a6e6fffd425f7e032f3&ns=3&cb=601012424 line 1 > eval, line 1: unreachable code after return statement
console.log: WebExtensions: reset-default-search: starting.
console.log: WebExtensions: reset-default-search: No addons in our list are installed.
1638432821240	mozrunner::runner	INFO	Running command: "/usr/bin/firefox" "-marionette" "-headless" "-foreground" "-no-remote" "-profile" "/tmp/rust_mozprofile58jUqp"
*** You are running in headless mode.
[GFX1-]: glxtest: libpci missing
[GFX1-]: glxtest: Unable to open a connection to the X server
[GFX1-]: glxtest: libEGL initialize failed
[GFX1-]: No GPUs detected via PCI
1638432828398	Marionette	INFO	Marionette enabled
[GFX1-]: RenderCompositorSWGL failed mapping default framebuffer, no dt
console.warn: SearchSettings: "get: No settings file exists, new profile?" (new NotFoundError("Could not open the file at /tmp/rust_mozprofile58jUqp/search.json.mozlz4", (void 0)))
1638432837110	Marionette	INFO	Listening on port 43185
1638432837261	RemoteAgent	WARN	TLS certificate errors will be ignored for this session
JavaScript warning: https://www.nemlig.com/_Incapsula_Resource?SWJIYLWA=719d34d31c8e3a6e6fffd425f7e032f3&ns=3&cb=826045259, line 1: unreachable code after return statement
1638432888885	mozrunner::runner	INFO	Running command: "/usr/bin/firefox" "-marionette" "-headless" "-foreground" "-no-remote" "-profile" "/tmp/rust_mozprofileET6bj8"
*** You are running in headless mode.
[GFX1-]: glxtest: libpci missing
[GFX1-]: glxtest: Unable to open a connection to the X server
[GFX1-]: glxtest: libEGL initialize failed
[GFX1-]: No GPUs detected via PCI
1638432891473	Marionette	INFO	Marionette enabled
[GFX1-]: RenderCompositorSWGL failed mapping default framebuffer, no dt
console.warn: SearchSettings: "get: No settings file exists, new profile?" (new NotFoundError("Could not open the file at /tmp/rust_mozprofileET6bj8/search.json.mozlz4", (void 0)))
1638432900100	Marionette	INFO	Listening on port 32907
1638432900457	RemoteAgent	WARN	TLS certificate errors will be ignored for this session
JavaScript warning: https://www.nemlig.com/_Incapsula_Resource?SWJIYLWA=719d34d31c8e3a6e6fffd425f7e032f3&ns=3&cb=1647281408, line 1: unreachable code after return statement
JavaScript warning: https://www.nemlig.com/_Incapsula_Resource?SWJIYLWA=719d34d31c8e3a6e6fffd425f7e032f3&ns=3&cb=1647281408, line 1: unreachable code after return statement
JavaScript warning: https://www.nemlig.com/_Incapsula_Resource?SWJIYLWA=719d34d31c8e3a6e6fffd425f7e032f3&ns=3&cb=1647281408 line 1 > eval, line 1: unreachable code after return statement
1638432933328	mozrunner::runner	INFO	Running command: "/usr/bin/firefox" "-marionette" "-headless" "-foreground" "-no-remote" "-profile" "/tmp/rust_mozprofileHplf6l"
*** You are running in headless mode.
[GFX1-]: glxtest: libpci missing
[GFX1-]: glxtest: Unable to open a connection to the X server
[GFX1-]: glxtest: libEGL initialize failed
[GFX1-]: No GPUs detected via PCI
1638432937049	Marionette	INFO	Marionette enabled
[GFX1-]: RenderCompositorSWGL failed mapping default framebuffer, no dt
console.warn: SearchSettings: "get: No settings file exists, new profile?" (new NotFoundError("Could not open the file at /tmp/rust_mozprofileHplf6l/search.json.mozlz4", (void 0)))
1638432951233	Marionette	INFO	Listening on port 46557
1638432951626	RemoteAgent	WARN	TLS certificate errors will be ignored for this session
JavaScript warning: https://www.nemlig.com/_Incapsula_Resource?SWJIYLWA=719d34d31c8e3a6e6fffd425f7e032f3&ns=3&cb=285354619, line 1: unreachable code after return statement
JavaScript warning: https://www.nemlig.com/_Incapsula_Resource?SWJIYLWA=719d34d31c8e3a6e6fffd425f7e032f3&ns=3&cb=285354619 line 1 > eval, line 1: unreachable code after return statement
1638432992155	mozrunner::runner	INFO	Running command: "/usr/bin/firefox" "-marionette" "-headless" "-foreground" "-no-remote" "-profile" "/tmp/rust_mozprofile2djmeR"
*** You are running in headless mode.
[GFX1-]: glxtest: libpci missing
[GFX1-]: glxtest: Unable to open a connection to the X server
[GFX1-]: glxtest: libEGL initialize failed
[GFX1-]: No GPUs detected via PCI
1638432995798	Marionette	INFO	Marionette enabled
[GFX1-]: RenderCompositorSWGL failed mapping default framebuffer, no dt
console.warn: SearchSettings: "get: No settings file exists, new profile?" (new NotFoundError("Could not open the file at /tmp/rust_mozprofile2djmeR/search.json.mozlz4", (void 0)))
1638433005568	Marionette	INFO	Listening on port 43661
1638433005863	RemoteAgent	WARN	TLS certificate errors will be ignored for this session
JavaScript warning: https://www.nemlig.com/_Incapsula_Resource?SWJIYLWA=719d34d31c8e3a6e6fffd425f7e032f3&ns=3&cb=1201019771, line 1: unreachable code after return statement
JavaScript warning: https://www.nemlig.com/_Incapsula_Resource?SWJIYLWA=719d34d31c8e3a6e6fffd425f7e032f3&ns=3&cb=1201019771, line 1: unreachable code after return statement
JavaScript warning: https://www.nemlig.com/_Incapsula_Resource?SWJIYLWA=719d34d31c8e3a6e6fffd425f7e032f3&ns=3&cb=1201019771 line 1 > eval, line 1: unreachable code after return statement
1638433033517	mozrunner::runner	INFO	Running command: "/usr/bin/firefox" "-marionette" "-headless" "-foreground" "-no-remote" "-profile" "/tmp/rust_mozprofilenAkC8V"
*** You are running in headless mode.
[GFX1-]: glxtest: libpci missing
[GFX1-]: glxtest: Unable to open a connection to the X server
[GFX1-]: glxtest: libEGL initialize failed
[GFX1-]: No GPUs detected via PCI
1638433036101	Marionette	INFO	Marionette enabled
[GFX1-]: RenderCompositorSWGL failed mapping default framebuffer, no dt
console.warn: SearchSettings: "get: No settings file exists, new profile?" (new NotFoundError("Could not open the file at /tmp/rust_mozprofilenAkC8V/search.json.mozlz4", (void 0)))
1638433046017	Marionette	INFO	Listening on port 42299
1638433046232	RemoteAgent	WARN	TLS certificate errors will be ignored for this session
JavaScript warning: https://www.nemlig.com/_Incapsula_Resource?SWJIYLWA=719d34d31c8e3a6e6fffd425f7e032f3&ns=3&cb=1647111112, line 1: unreachable code after return statement
JavaScript warning: https://www.nemlig.com/_Incapsula_Resource?SWJIYLWA=719d34d31c8e3a6e6fffd425f7e032f3&ns=3&cb=1647111112, line 1: unreachable code after return statement
JavaScript warning: https://www.nemlig.com/_Incapsula_Resource?SWJIYLWA=719d34d31c8e3a6e6fffd425f7e032f3&ns=3&cb=1647111112 line 1 > eval, line 1: unreachable code after return statement
console.log: WebExtensions: reset-default-search: starting.
console.log: WebExtensions: reset-default-search: No addons in our list are installed.
1638433254343	mozrunner::runner	INFO	Running command: "/usr/bin/firefox" "-marionette" "-headless" "-foreground" "-no-remote" "-profile" "/tmp/rust_mozprofileWXqpsh"
*** You are running in headless mode.
[GFX1-]: glxtest: libpci missing
[GFX1-]: glxtest: Unable to open a connection to the X server
[GFX1-]: glxtest: libEGL initialize failed
[GFX1-]: No GPUs detected via PCI
1638433256609	Marionette	INFO	Marionette enabled
[GFX1-]: RenderCompositorSWGL failed mapping default framebuffer, no dt
console.warn: SearchSettings: "get: No settings file exists, new profile?" (new NotFoundError("Could not open the file at /tmp/rust_mozprofileWXqpsh/search.json.mozlz4", (void 0)))
1638433269126	Marionette	INFO	Listening on port 44301
1638433269361	RemoteAgent	WARN	TLS certificate errors will be ignored for this session
JavaScript warning: https://www.nemlig.com/_Incapsula_Resource?SWJIYLWA=719d34d31c8e3a6e6fffd425f7e032f3&ns=3&cb=2066635212, line 1: unreachable code after return statement
JavaScript warning: https://www.nemlig.com/_Incapsula_Resource?SWJIYLWA=719d34d31c8e3a6e6fffd425f7e032f3&ns=3&cb=2066635212, line 1: unreachable code after return statement
JavaScript warning: https://www.nemlig.com/_Incapsula_Resource?SWJIYLWA=719d34d31c8e3a6e6fffd425f7e032f3&ns=3&cb=2066635212 line 1 > eval, line 1: unreachable code after return statement
console.log: WebExtensions: reset-default-search: starting.
console.log: WebExtensions: reset-default-search: No addons in our list are installed.
1638433326864	mozrunner::runner	INFO	Running command: "/usr/bin/firefox" "-marionette" "-headless" "-foreground" "-no-remote" "-profile" "/tmp/rust_mozprofileeUsrCa"
*** You are running in headless mode.
console.log: WebExtensions: reset-default-search: starting.
[GFX1-]: glxtest: libpci missing
[GFX1-]: glxtest: Unable to open a connection to the X server
[GFX1-]: glxtest: libEGL initialize failed
console.log: WebExtensions: reset-default-search: No addons in our list are installed.
[GFX1-]: No GPUs detected via PCI
1638433330106	Marionette	INFO	Marionette enabled
[GFX1-]: RenderCompositorSWGL failed mapping default framebuffer, no dt
console.warn: SearchSettings: "get: No settings file exists, new profile?" (new NotFoundError("Could not open the file at /tmp/rust_mozprofileeUsrCa/search.json.mozlz4", (void 0)))
1638433346483	Marionette	INFO	Listening on port 44777
1638433346832	RemoteAgent	WARN	TLS certificate errors will be ignored for this session
JavaScript warning: https://www.nemlig.com/_Incapsula_Resource?SWJIYLWA=719d34d31c8e3a6e6fffd425f7e032f3&ns=3&cb=1966055397, line 1: unreachable code after return statement
JavaScript warning: https://www.nemlig.com/_Incapsula_Resource?SWJIYLWA=719d34d31c8e3a6e6fffd425f7e032f3&ns=3&cb=1966055397, line 1: unreachable code after return statement
JavaScript warning: https://www.nemlig.com/_Incapsula_Resource?SWJIYLWA=719d34d31c8e3a6e6fffd425f7e032f3&ns=3&cb=1966055397 line 1 > eval, line 1: unreachable code after return statement
console.log: WebExtensions: reset-default-search: starting.
console.log: WebExtensions: reset-default-search: No addons in our list are installed.
1638433418409	mozrunner::runner	INFO	Running command: "/usr/bin/firefox" "-marionette" "-headless" "-foreground" "-no-remote" "-profile" "/tmp/rust_mozprofiletfeIt8"
*** You are running in headless mode.
[GFX1-]: glxtest: libpci missing
[GFX1-]: glxtest: Unable to open a connection to the X server
[GFX1-]: glxtest: libEGL initialize failed
[GFX1-]: No GPUs detected via PCI
1638433422008	Marionette	INFO	Marionette enabled
[GFX1-]: RenderCompositorSWGL failed mapping default framebuffer, no dt
console.log: WebExtensions: reset-default-search: starting.
console.log: WebExtensions: reset-default-search: No addons in our list are installed.
console.warn: SearchSettings: "get: No settings file exists, new profile?" (new NotFoundError("Could not open the file at /tmp/rust_mozprofiletfeIt8/search.json.mozlz4", (void 0)))
Exiting due to channel error.
Exiting due to channel error.
1638433565808	mozrunner::runner	INFO	Running command: "/usr/bin/firefox" "-marionette" "-headless" "-foreground" "-no-remote" "-profile" "/tmp/rust_mozprofile9b6FGC"
*** You are running in headless mode.
[GFX1-]: glxtest: libpci missing
[GFX1-]: glxtest: Unable to open a connection to the X server
[GFX1-]: glxtest: libEGL initialize failed
[GFX1-]: No GPUs detected via PCI
1638433569215	Marionette	INFO	Marionette enabled
[GFX1-]: RenderCompositorSWGL failed mapping default framebuffer, no dt
console.warn: SearchSettings: "get: No settings file exists, new profile?" (new NotFoundError("Could not open the file at /tmp/rust_mozprofile9b6FGC/search.json.mozlz4", (void 0)))
1638433585926	Marionette	INFO	Listening on port 41915
1638433586366	RemoteAgent	WARN	TLS certificate errors will be ignored for this session
JavaScript warning: https://www.nemlig.com/_Incapsula_Resource?SWJIYLWA=719d34d31c8e3a6e6fffd425f7e032f3&ns=3&cb=161095153, line 1: unreachable code after return statement
JavaScript warning: https://www.nemlig.com/_Incapsula_Resource?SWJIYLWA=719d34d31c8e3a6e6fffd425f7e032f3&ns=3&cb=161095153, line 1: unreachable code after return statement
JavaScript warning: https://www.nemlig.com/_Incapsula_Resource?SWJIYLWA=719d34d31c8e3a6e6fffd425f7e032f3&ns=3&cb=161095153 line 1 > eval, line 1: unreachable code after return statement
console.error: services.settings: 
  blocklists/addons-bloomfilters Signature failed  TypeError: NetworkError when attempting to fetch resource.
console.error: services.settings: 
  Message: TypeError: NetworkError when attempting to fetch resource.
1638433688566	addons.xpi	ERROR	System addon update list error Error: Failed downloading XML, status: 0, reason: timeout
1638433742909	addons.xpi	ERROR	System addon update list error Error: Failed downloading XML, status: 0, reason: timeout
console.error: services.settings: 
  Message: TypeError: NetworkError when attempting to fetch resource.
